# JRE version: OpenJDK Runtime Environment (8.0_76-b03) (build 1.8.0_76-release-b03)
# Java VM: OpenJDK 64-Bit Server VM (25.76-b03 mixed mode windows-amd64 compressed oops)
Heap:
 PSYoungGen      total 326656K, used 174336K [0x00000000e0000000, 0x00000000fce80000, 0x0000000100000000)
  eden space 257536K, 40% used [0x00000000e0000000,0x00000000e66c4828,0x00000000efb80000)
  from space 69120K, 99% used [0x00000000f8b00000,0x00000000fce7b978,0x00000000fce80000)
  to   space 58368K, 0% used [0x00000000efb80000,0x00000000efb80000,0x00000000f3480000)
 ParOldGen       total 215552K, used 110366K [0x00000000a0000000, 0x00000000ad280000, 0x00000000e0000000)
  object space 215552K, 51% used [0x00000000a0000000,0x00000000a6bc7838,0x00000000ad280000)
 Metaspace       used 69376K, capacity 71940K, committed 72240K, reserved 1112064K
  class space    used 8955K, capacity 9495K, committed 9520K, reserved 1048576K
GC Heap History (10 events):
Event: 455.666 GC heap before
{Heap before GC invocations=22 (full 3):
 PSYoungGen      total 238080K, used 238059K [0x00000000e0000000, 0x00000000f3000000, 0x0000000100000000)
  eden space 204288K, 100% used [0x00000000e0000000,0x00000000ec780000,0x00000000ec780000)
  from space 33792K, 99% used [0x00000000ef400000,0x00000000f14fad38,0x00000000f1500000)
  to   space 45568K, 0% used [0x00000000ec780000,0x00000000ec780000,0x00000000ef400000)
 ParOldGen       total 101376K, used 79515K [0x00000000a0000000, 0x00000000a6300000, 0x00000000e0000000)
  object space 101376K, 78% used [0x00000000a0000000,0x00000000a4da6e58,0x00000000a6300000)
 Metaspace       used 69226K, capacity 71898K, committed 71984K, reserved 1112064K
  class space    used 8957K, capacity 9502K, committed 9520K, reserved 1048576K
Event: 455.785 GC heap after
Heap after GC invocations=22 (full 3):
 PSYoungGen      total 249856K, used 45567K [0x00000000e0000000, 0x00000000f6e00000, 0x0000000100000000)
  eden space 204288K, 0% used [0x00000000e0000000,0x00000000e0000000,0x00000000ec780000)
  from space 45568K, 99% used [0x00000000ec780000,0x00000000ef3fff28,0x00000000ef400000)
  to   space 58880K, 0% used [0x00000000f3480000,0x00000000f3480000,0x00000000f6e00000)
 ParOldGen       total 101376K, used 97156K [0x00000000a0000000, 0x00000000a6300000, 0x00000000e0000000)
  object space 101376K, 95% used [0x00000000a0000000,0x00000000a5ee1268,0x00000000a6300000)
 Metaspace       used 69226K, capacity 71898K, committed 71984K, reserved 1112064K
  class space    used 8957K, capacity 9502K, committed 9520K, reserved 1048576K
}
Event: 455.785 GC heap before
{Heap before GC invocations=23 (full 4):
 PSYoungGen      total 249856K, used 45567K [0x00000000e0000000, 0x00000000f6e00000, 0x0000000100000000)
  eden space 204288K, 0% used [0x00000000e0000000,0x00000000e0000000,0x00000000ec780000)
  from space 45568K, 99% used [0x00000000ec780000,0x00000000ef3fff28,0x00000000ef400000)
  to   space 58880K, 0% used [0x00000000f3480000,0x00000000f3480000,0x00000000f6e00000)
 ParOldGen       total 101376K, used 97156K [0x00000000a0000000, 0x00000000a6300000, 0x00000000e0000000)
  object space 101376K, 95% used [0x00000000a0000000,0x00000000a5ee1268,0x00000000a6300000)
 Metaspace       used 69226K, capacity 71898K, committed 71984K, reserved 1112064K
  class space    used 8957K, capacity 9502K, committed 9520K, reserved 1048576K
Event: 457.437 GC heap after
Heap after GC invocations=23 (full 4):
 PSYoungGen      total 249856K, used 479K [0x00000000e0000000, 0x00000000f6e00000, 0x0000000100000000)
  eden space 204288K, 0% used [0x00000000e0000000,0x00000000e0000000,0x00000000ec780000)
  from space 45568K, 1% used [0x00000000ec780000,0x00000000ec7f7dc8,0x00000000ef400000)
  to   space 58880K, 0% used [0x00000000f3480000,0x00000000f3480000,0x00000000f6e00000)
 ParOldGen       total 215552K, used 100985K [0x00000000a0000000, 0x00000000ad280000, 0x00000000e0000000)
  object space 215552K, 46% used [0x00000000a0000000,0x00000000a629e4b0,0x00000000ad280000)
 Metaspace       used 69210K, capacity 71858K, committed 71984K, reserved 1112064K
  class space    used 8952K, capacity 9492K, committed 9520K, reserved 1048576K
}
Event: 458.495 GC heap before
{Heap before GC invocations=24 (full 4):
 PSYoungGen      total 249856K, used 204767K [0x00000000e0000000, 0x00000000f6e00000, 0x0000000100000000)
  eden space 204288K, 100% used [0x00000000e0000000,0x00000000ec780000,0x00000000ec780000)
  from space 45568K, 1% used [0x00000000ec780000,0x00000000ec7f7dc8,0x00000000ef400000)
  to   space 58880K, 0% used [0x00000000f3480000,0x00000000f3480000,0x00000000f6e00000)
 ParOldGen       total 215552K, used 100985K [0x00000000a0000000, 0x00000000ad280000, 0x00000000e0000000)
  object space 215552K, 46% used [0x00000000a0000000,0x00000000a629e4b0,0x00000000ad280000)
 Metaspace       used 69238K, capacity 71858K, committed 71984K, reserved 1112064K
  class space    used 8953K, capacity 9492K, committed 9520K, reserved 1048576K
Event: 458.592 GC heap after
Heap after GC invocations=24 (full 4):
 PSYoungGen      total 316416K, used 30913K [0x00000000e0000000, 0x00000000f7300000, 0x0000000100000000)
  eden space 257536K, 0% used [0x00000000e0000000,0x00000000e0000000,0x00000000efb80000)
  from space 58880K, 52% used [0x00000000f3480000,0x00000000f52b0770,0x00000000f6e00000)
  to   space 58368K, 0% used [0x00000000efb80000,0x00000000efb80000,0x00000000f3480000)
 ParOldGen       total 215552K, used 101009K [0x00000000a0000000, 0x00000000ad280000, 0x00000000e0000000)
  object space 215552K, 46% used [0x00000000a0000000,0x00000000a62a44b0,0x00000000ad280000)
 Metaspace       used 69238K, capacity 71858K, committed 71984K, reserved 1112064K
  class space    used 8953K, capacity 9492K, committed 9520K, reserved 1048576K
}
Event: 459.958 GC heap before
{Heap before GC invocations=25 (full 4):
 PSYoungGen      total 316416K, used 288449K [0x00000000e0000000, 0x00000000f7300000, 0x0000000100000000)
  eden space 257536K, 100% used [0x00000000e0000000,0x00000000efb80000,0x00000000efb80000)
  from space 58880K, 52% used [0x00000000f3480000,0x00000000f52b0770,0x00000000f6e00000)
  to   space 58368K, 0% used [0x00000000efb80000,0x00000000efb80000,0x00000000f3480000)
 ParOldGen       total 215552K, used 101009K [0x00000000a0000000, 0x00000000ad280000, 0x00000000e0000000)
  object space 215552K, 46% used [0x00000000a0000000,0x00000000a62a44b0,0x00000000ad280000)
 Metaspace       used 69281K, capacity 71922K, committed 72240K, reserved 1112064K
  class space    used 8954K, capacity 9492K, committed 9520K, reserved 1048576K
Event: 460.063 GC heap after
Heap after GC invocations=25 (full 4):
 PSYoungGen      total 315904K, used 58341K [0x00000000e0000000, 0x00000000fce80000, 0x0000000100000000)
  eden space 257536K, 0% used [0x00000000e0000000,0x00000000e0000000,0x00000000efb80000)
  from space 58368K, 99% used [0x00000000efb80000,0x00000000f3479440,0x00000000f3480000)
  to   space 69120K, 0% used [0x00000000f8b00000,0x00000000f8b00000,0x00000000fce80000)
 ParOldGen       total 215552K, used 105727K [0x00000000a0000000, 0x00000000ad280000, 0x00000000e0000000)
  object space 215552K, 49% used [0x00000000a0000000,0x00000000a673fd30,0x00000000ad280000)
 Metaspace       used 69281K, capacity 71922K, committed 72240K, reserved 1112064K
  class space    used 8954K, capacity 9492K, committed 9520K, reserved 1048576K
}
Event: 461.388 GC heap before
{Heap before GC invocations=26 (full 4):
 PSYoungGen      total 315904K, used 315877K [0x00000000e0000000, 0x00000000fce80000, 0x0000000100000000)
  eden space 257536K, 100% used [0x00000000e0000000,0x00000000efb80000,0x00000000efb80000)
  from space 58368K, 99% used [0x00000000efb80000,0x00000000f3479440,0x00000000f3480000)
  to   space 69120K, 0% used [0x00000000f8b00000,0x00000000f8b00000,0x00000000fce80000)
 ParOldGen       total 215552K, used 105727K [0x00000000a0000000, 0x00000000ad280000, 0x00000000e0000000)
  object space 215552K, 49% used [0x00000000a0000000,0x00000000a673fd30,0x00000000ad280000)
 Metaspace       used 69313K, capacity 71922K, committed 72240K, reserved 1112064K
  class space    used 8954K, capacity 9492K, committed 9520K, reserved 1048576K
Event: 461.564 GC heap after
Heap after GC invocations=26 (full 4):
 PSYoungGen      total 326656K, used 69102K [0x00000000e0000000, 0x00000000fce80000, 0x0000000100000000)
  eden space 257536K, 0% used [0x00000000e0000000,0x00000000e0000000,0x00000000efb80000)
  from space 69120K, 99% used [0x00000000f8b00000,0x00000000fce7b978,0x00000000fce80000)
  to   space 58368K, 0% used [0x00000000efb80000,0x00000000efb80000,0x00000000f3480000)
 ParOldGen       total 215552K, used 110366K [0x00000000a0000000, 0x00000000ad280000, 0x00000000e0000000)
  object space 215552K, 51% used [0x00000000a0000000,0x00000000a6bc7838,0x00000000ad280000)
 Metaspace       used 69313K, capacity 71922K, committed 72240K, reserved 1112064K
  class space    used 8954K, capacity 9492K, committed 9520K, reserved 1048576K
}

